C51 COMPILER V9.60.0.0   MAIN                                                              11/05/2019 14:29:01 PAGE 1   


C51 COMPILER V9.60.0.0, COMPILATION OF MODULE MAIN
OBJECT MODULE PLACED IN .\Objects\main.obj
COMPILER INVOKED BY: C:\Tools\MDK_C51\C51\BIN\C51.EXE main.c OPTIMIZE(8,SPEED) BROWSE DEBUG OBJECTEXTEND PRINT(.\Listing
                    -s\main.lst) TABS(2) OBJECT(.\Objects\main.obj)

line level    source

   1          #include <reg51.h>
   2          
   3          sbit RED=P2^0;
   4          sbit GREEN=P2^1;
   5          unsigned char emergency_flag=0;
   6          void Device_Init();
   7          int count=0;
   8          
   9          int main()
  10          {
  11   1        Device_Init();
  12   1        GREEN=1;
  13   1        while(1);
  14   1      }
  15          
  16          void Device_Init()
  17          {
  18   1        RED=0;
  19   1        GREEN=0;
  20   1        
  21   1        IT0=1;
  22   1        EX0=1;
  23   1        PX0=1;
  24   1        TMOD=0x01;
  25   1        TH0=(65536-50000)/256;
  26   1        TL0=(65536-50000)%256;
  27   1        ET0=1;
  28   1        TR0=1;
  29   1        
  30   1        EA=1;
  31   1      }
  32          
  33          void Delay10s() interrupt 1
  34          {
  35   1        TH0=(65536-50000)/256;
  36   1        TL0=(65536-50000)%256;
  37   1        count++;
  38   1        
  39   1        if(count==100)
  40   1        {
  41   2          if(RED==1&&GREEN==0)
  42   2          {
  43   3            RED=0;
  44   3            GREEN=1;
  45   3          }
  46   2          else if(GREEN==1&&RED==0)
  47   2          {
  48   3            RED=1;
  49   3            GREEN=0;
  50   3          }
  51   2          count=0;
  52   2        }
  53   1      }
  54          
C51 COMPILER V9.60.0.0   MAIN                                                              11/05/2019 14:29:01 PAGE 2   

  55          void Emergency_Situation() interrupt 0
  56          {
  57   1        RED=1;
  58   1        GREEN=0;
  59   1        count=0;
  60   1      }


MODULE INFORMATION:   STATIC OVERLAYABLE
   CODE SIZE        =     97    ----
   CONSTANT SIZE    =   ----    ----
   XDATA SIZE       =   ----    ----
   PDATA SIZE       =   ----    ----
   DATA SIZE        =      3    ----
   IDATA SIZE       =   ----    ----
   BIT SIZE         =   ----    ----
END OF MODULE INFORMATION.


C51 COMPILATION COMPLETE.  0 WARNING(S),  0 ERROR(S)
