C51 COMPILER V9.60.0.0   MAIN                                                              10/29/2019 13:40:06 PAGE 1   


C51 COMPILER V9.60.0.0, COMPILATION OF MODULE MAIN
OBJECT MODULE PLACED IN .\Objects\main.obj
COMPILER INVOKED BY: C:\Tools\MDK_C51\C51\BIN\C51.EXE main.c OPTIMIZE(8,SPEED) BROWSE DEBUG OBJECTEXTEND PRINT(.\Listing
                    -s\main.lst) TABS(2) OBJECT(.\Objects\main.obj)

line level    source

   1          #include "reg51.h"
   2          
   3          sbit KEY1=P3^2; //开始
   4          sbit KEY2=P3^3; //停止
   5          
   6          sbit KEY3=P3^0; //切换模式 上
   7          sbit KEY4=P3^1; //切换模式 下
   8          
   9          sbit KEY5=P3^4; //加速
  10          sbit KEY6=P3^5; //减速
  11          
  12          sbit KEY7=P3^6; //手动控制 开/实际控制
  13          sbit KEY8=P3^7; //手动控制 关
  14          
  15          char Run_Flag=0;//运行标志 1开始 0停止
  16          char Mode=0;//模式选择
  17          char Manual_Flag=0;//手动标志 1手动 0自动
  18          char Manual_Next=0;//手动状态下切换LED状态
  19          
  20          char count=0;
  21          
  22          unsigned char LED_Display1[9]={0x00,0x01,0x03,0x07,0x0f,0x1f,0x3f,0x7f,0xff};//第1种显示方式
  23          unsigned char LED_Display2[4]={0x03,0x0c,0x30,0xc0};//第2种显示方式
  24          unsigned char LED_Display3[8]={0x01,0x03,0x07,0x0e,0x1c,0x38,0x70,0xe0};//第3种显示方式
  25          
  26          void Display(char mode,char manual_flag);
  27          void Manual_Control();
  28          void Delay(unsigned time );
  29          int Speed_Control(int speed);
  30          void Change_Mode();
  31          void Power_Control();
  32          
  33          int main()
  34          {
  35   1        int speed=50;
  36   1        while(1)
  37   1        {
  38   2          Power_Control();
  39   2          if(Run_Flag==1)
  40   2          {
  41   3            Manual_Control();
  42   3            Change_Mode();
  43   3            speed=Speed_Control(speed);
  44   3            Display(Mode,Manual_Flag);  //控制led
  45   3            Delay(speed);
  46   3      
  47   3          }
  48   2          else if(Run_Flag==0)
  49   2          {
  50   3            P1=0x00;  //所有led全部置低
  51   3          }
  52   2          
  53   2        }
  54   1      }
C51 COMPILER V9.60.0.0   MAIN                                                              10/29/2019 13:40:06 PAGE 2   

  55          
  56          void Power_Control()
  57          {
  58   1        int i;
  59   1        if(KEY1==0)
  60   1        {
  61   2          Delay(50);
  62   2          if(KEY1==0)
  63   2          {
  64   3            Run_Flag=1;
  65   3          }
  66   2          
  67   2          for(i=0;i<3;i++)
  68   2          {
  69   3            P1=0xff;
  70   3            Delay(100);
  71   3            P1=0x00;
  72   3            Delay(100);
  73   3          }
  74   2        }
  75   1        
  76   1        if(KEY2==0)
  77   1        {
  78   2          Delay(50);
  79   2          if(KEY2==0)
  80   2          {
  81   3            Run_Flag=0;
  82   3          }
  83   2        }
  84   1      }
  85          
  86          void Display(char mode,char manual_flag)
  87          {
  88   1        if(mode==0) //模式1
  89   1        {
  90   2          if(manual_flag==0)  //手动控制标志
  91   2          {
  92   3            P1=LED_Display1[count];
  93   3            count++;
  94   3          }
  95   2          else if(manual_flag==1)
  96   2          {
  97   3            P1=LED_Display1[count];
  98   3            if(KEY7==0)
  99   3            {
 100   4              Delay(50);
 101   4              if(KEY7==0)
 102   4              {
 103   5                count++;
 104   5              }
 105   4            }
 106   3          }
 107   2          if(count>9)
 108   2          count=0;
 109   2        }
 110   1        else if(mode==1)  //模式2
 111   1        {
 112   2          if(manual_flag==0)
 113   2          {
 114   3            P1=LED_Display2[count];
 115   3            count++;
 116   3          }
C51 COMPILER V9.60.0.0   MAIN                                                              10/29/2019 13:40:06 PAGE 3   

 117   2          else if(manual_flag==1)
 118   2          {
 119   3            P1=LED_Display2[count];
 120   3            if(KEY7==0)
 121   3            {
 122   4              Delay(50);
 123   4              if(KEY7==0)
 124   4              {
 125   5                count++;
 126   5              }
 127   4            }
 128   3          }
 129   2          if(count>4)
 130   2          count=0;
 131   2        }
 132   1        else if(mode==2)  //模式3
 133   1        {
 134   2          if(manual_flag==0)
 135   2          {
 136   3            P1=LED_Display3[count];
 137   3            count++;
 138   3          }
 139   2          else if(manual_flag==1)
 140   2          {
 141   3            P1=LED_Display3[count];
 142   3            if(KEY7==0)
 143   3            {
 144   4              Delay(50);
 145   4              if(KEY7==0)
 146   4              {
 147   5                count++;
 148   5              }
 149   4            }
 150   3          }
 151   2          if(count>8)
 152   2          count=0;
 153   2        }
 154   1      }
 155          
 156          void Manual_Control()
 157          {
 158   1        if(KEY7==0)
 159   1        {
 160   2          Delay(50);
 161   2          if(KEY7==0)
 162   2          {
 163   3            Manual_Flag=1;
 164   3          }
 165   2        }
 166   1        if(KEY8==0)
 167   1        {
 168   2          Delay(50);
 169   2          if(KEY8==0)
 170   2          {
 171   3            Manual_Flag=0;
 172   3          }
 173   2        }
 174   1      }
 175          
 176          
 177          void Change_Mode()
 178          {
C51 COMPILER V9.60.0.0   MAIN                                                              10/29/2019 13:40:06 PAGE 4   

 179   1        if(KEY3==0)
 180   1        {
 181   2          Delay(50);
 182   2          if(KEY3==0)
 183   2          {
 184   3            Mode++;
 185   3          }
 186   2        }
 187   1        if(KEY4==0)
 188   1        {
 189   2          Delay(50);
 190   2          if(KEY4==0)
 191   2          {
 192   3            Mode--;
 193   3          }
 194   2        }
 195   1        if(Mode<0)
 196   1          Mode=2;
 197   1        if(Mode>2)
 198   1          Mode=0;
 199   1      }
 200          
 201          int Speed_Control(int speed)
 202          {
 203   1        if(KEY5==0)
 204   1        {
 205   2          Delay(50);
 206   2          if(KEY5==0)
 207   2          {
 208   3            speed+=10;
 209   3          }
 210   2        }
 211   1        else if(KEY6==0)
 212   1        {
 213   2          Delay(50);
 214   2          if(KEY6==0)
 215   2          {
 216   3            speed-=10;
 217   3          }
 218   2        }
 219   1        if(speed<0)
 220   1          return speed=0;
 221   1        if(speed>225)
 222   1          return speed=225;
 223   1      }
 224          
 225          void Delay(unsigned int time)
 226          {
 227   1        unsigned char i,j;
 228   1        for(i=0;i<time;i++)
 229   1          for(j=0;j<125;j++);
 230   1      }
 231          
*** WARNING C291 IN LINE 223 OF main.c: not every exit path returns a value


MODULE INFORMATION:   STATIC OVERLAYABLE
   CODE SIZE        =    581    ----
   CONSTANT SIZE    =   ----    ----
   XDATA SIZE       =   ----    ----
   PDATA SIZE       =   ----    ----
   DATA SIZE        =     26       8
C51 COMPILER V9.60.0.0   MAIN                                                              10/29/2019 13:40:06 PAGE 5   

   IDATA SIZE       =   ----    ----
   BIT SIZE         =   ----    ----
END OF MODULE INFORMATION.


C51 COMPILATION COMPLETE.  1 WARNING(S),  0 ERROR(S)
